Using pre-set license
Built from '2020.3/staging' branch; Version is '2020.3.22f1 (e1a7f79fd887) revision 14788599'; Using compiler version '192528614'; Build Type 'Release'
OS: 'Windows 10 Home; OS build 22000.318; Version 2009; 64bit' Language: 'it' Physical Memory: 16021 MB
BatchMode: 1, IsHumanControllingUs: 0, StartBugReporterOnCrash: 0, Is64bit: 1, IsPro: 0

COMMAND LINE ARGUMENTS:
C:\Program Files\2020.3.22f1\Editor\Unity.exe
-adb2
-batchMode
-noUpm
-name
AssetImportWorker0
-projectPath
C:/Users/sfulc/Desktop/Project-upload-2-12
-logFile
Logs/AssetImportWorker0.log
-srvPort
54783
Successfully changed project path to: C:/Users/sfulc/Desktop/Project-upload-2-12
C:/Users/sfulc/Desktop/Project-upload-2-12
Using Asset Import Pipeline V2.
Refreshing native plugins compatible for Editor in 38.07 ms, found 3 plugins.
Preloading 0 native plugins for Editor in 0.00 ms.
Initialize engine version: 2020.3.22f1 (e1a7f79fd887)
[Subsystems] Discovering subsystems at path C:/Program Files/2020.3.22f1/Editor/Data/Resources/UnitySubsystems
[Subsystems] Discovering subsystems at path C:/Users/sfulc/Desktop/Project-upload-2-12/Assets
GfxDevice: creating device client; threaded=0
Direct3D:
    Version:  Direct3D 11.0 [level 11.1]
    Renderer: NVIDIA GeForce RTX 3060 Laptop GPU (ID=0x2520)
    Vendor:   
    VRAM:     6023 MB
    Driver:   30.0.14.7247
Initialize mono
Mono path[0] = 'C:/Program Files/2020.3.22f1/Editor/Data/Managed'
Mono path[1] = 'C:/Program Files/2020.3.22f1/Editor/Data/MonoBleedingEdge/lib/mono/unityjit'
Mono config path = 'C:/Program Files/2020.3.22f1/Editor/Data/MonoBleedingEdge/etc'
Using monoOptions --debugger-agent=transport=dt_socket,embedding=1,server=y,suspend=n,address=127.0.0.1:56856
Begin MonoManager ReloadAssembly
Registering precompiled unity dll's ...
Register platform support module: C:/Program Files/2020.3.22f1/Editor/Data/PlaybackEngines/WindowsStandaloneSupport/UnityEditor.WindowsStandalone.Extensions.dll
Registered in 0.001394 seconds.
Native extension for WindowsStandalone target not found
Refreshing native plugins compatible for Editor in 36.74 ms, found 3 plugins.
Preloading 0 native plugins for Editor in 0.00 ms.
Mono: successfully reloaded assembly
- Completed reload, in  0.785 seconds
Domain Reload Profiling:
	ReloadAssembly (785ms)
		BeginReloadAssembly (37ms)
			ExecutionOrderSort (0ms)
			DisableScriptedObjects (0ms)
			BackupInstance (0ms)
			ReleaseScriptingObjects (0ms)
			CreateAndSetChildDomain (1ms)
		EndReloadAssembly (321ms)
			LoadAssemblies (35ms)
			RebuildTransferFunctionScriptingTraits (0ms)
			SetupTypeCache (108ms)
			ReleaseScriptCaches (0ms)
			RebuildScriptCaches (21ms)
			SetupLoadedEditorAssemblies (128ms)
				LogAssemblyErrors (0ms)
				InitializePlatformSupportModulesInManaged (3ms)
				SetLoadedEditorAssemblies (0ms)
				RefreshPlugins (37ms)
				BeforeProcessingInitializeOnLoad (8ms)
				ProcessInitializeOnLoadAttributes (59ms)
				ProcessInitializeOnLoadMethodAttributes (21ms)
				AfterProcessingInitializeOnLoad (0ms)
				EditorAssembliesLoaded (0ms)
			ExecutionOrderSort2 (0ms)
			AwakeInstancesAfterBackupRestoration (0ms)
Platform modules already initialized, skipping
Registering precompiled user dll's ...
Registered in 0.003716 seconds.
Begin MonoManager ReloadAssembly
Native extension for WindowsStandalone target not found
Refreshing native plugins compatible for Editor in 34.30 ms, found 3 plugins.
Preloading 0 native plugins for Editor in 0.00 ms.
Mono: successfully reloaded assembly
- Completed reload, in  0.758 seconds
Domain Reload Profiling:
	ReloadAssembly (759ms)
		BeginReloadAssembly (97ms)
			ExecutionOrderSort (0ms)
			DisableScriptedObjects (3ms)
			BackupInstance (0ms)
			ReleaseScriptingObjects (0ms)
			CreateAndSetChildDomain (14ms)
		EndReloadAssembly (617ms)
			LoadAssemblies (63ms)
			RebuildTransferFunctionScriptingTraits (0ms)
			SetupTypeCache (199ms)
			ReleaseScriptCaches (0ms)
			RebuildScriptCaches (31ms)
			SetupLoadedEditorAssemblies (245ms)
				LogAssemblyErrors (0ms)
				InitializePlatformSupportModulesInManaged (3ms)
				SetLoadedEditorAssemblies (0ms)
				RefreshPlugins (34ms)
				BeforeProcessingInitializeOnLoad (53ms)
				ProcessInitializeOnLoadAttributes (138ms)
				ProcessInitializeOnLoadMethodAttributes (12ms)
				AfterProcessingInitializeOnLoad (4ms)
				EditorAssembliesLoaded (0ms)
			ExecutionOrderSort2 (0ms)
			AwakeInstancesAfterBackupRestoration (4ms)
Platform modules already initialized, skipping
========================================================================
Worker process is ready to serve import requests
Launched and connected shader compiler UnityShaderCompiler.exe after 0.03 seconds
Refreshing native plugins compatible for Editor in 0.50 ms, found 3 plugins.
Preloading 0 native plugins for Editor in 0.00 ms.
Unloading 2201 Unused Serialized files (Serialized files now loaded: 0)
System memory in use before: 117.2 MB.
System memory in use after: 117.4 MB.

Unloading 27 unused Assets to reduce memory usage. Loaded Objects now: 2657.
Total: 2.755000 ms (FindLiveObjects: 0.117400 ms CreateObjectMapping: 0.031200 ms MarkObjects: 2.581800 ms  DeleteObjects: 0.019800 ms)

AssetImportParameters requested are different than current active one (requested -> active):
  custom:framework-win-MediaFoundation: 216162199b28c13a410421893ffa2e32 -> 
  custom:video-decoder-ogg-theora: a1e56fd34408186e4bbccfd4996cb3dc -> 
  custom:container-muxer-webm: aa71ff27fc2769a1b78a27578f13a17b -> 
  custom:container-demuxer-webm: 4f35f7cbe854078d1ac9338744f61a02 -> 
  custom:container-demuxer-ogg: 62fdf1f143b41e24485cea50d1cbac27 -> 
  custom:video-encoder-webm-vp8: eb34c28f22e8b96e1ab97ce403110664 -> 
  custom:video-codec-MediaFoundation-h265: 746d11721c4dcdbdad8f713fa42b33f4 -> 
  custom:video-decoder-webm-vp8: 9c59270c3fd7afecdb556c50c9e8de78 -> 
  custom:audio-decoder-ogg-vorbis: bf7c407c2cedff20999df2af8eb42d56 -> 
  custom:audio-encoder-webm-vorbis: bf7c407c2cedff20999df2af8eb42d56 -> 
========================================================================
Received Import Request.
  path: Assets/cloud.png
  artifactKey: Guid(a231e869db988784d862939b59bbefcd) Importer(815301076,1909f56bfc062723c751e8b465ee728b)
Start importing Assets/cloud.png using Guid(a231e869db988784d862939b59bbefcd) Importer(815301076,1909f56bfc062723c751e8b465ee728b)  -> (artifact id: '06052633c1e2250558bd7ea95bcddeaf') in 0.063122 seconds 
  Import took 0.065945 seconds .

========================================================================
Received Import Request.
  Time since last request: 0.000205 seconds.
  path: Assets/kisspng-t-shirt-rock-stock-photography-rock-png-pic-5a76713ac2f287.0498597215177116747985.png
  artifactKey: Guid(ca53bc9559a02104bbdf0ef6a79afdc6) Importer(815301076,1909f56bfc062723c751e8b465ee728b)
Start importing Assets/kisspng-t-shirt-rock-stock-photography-rock-png-pic-5a76713ac2f287.0498597215177116747985.png using Guid(ca53bc9559a02104bbdf0ef6a79afdc6) Importer(815301076,1909f56bfc062723c751e8b465ee728b)  -> (artifact id: '370c89290661b7052feeba3a574adffe') in 0.014076 seconds 
  Import took 0.017048 seconds .

========================================================================
Received Import Request.
  Time since last request: 0.000171 seconds.
  path: Assets/dxalto2.png
  artifactKey: Guid(d86ab9e36f14cb343ba57344e8008ecc) Importer(815301076,1909f56bfc062723c751e8b465ee728b)
Start importing Assets/dxalto2.png using Guid(d86ab9e36f14cb343ba57344e8008ecc) Importer(815301076,1909f56bfc062723c751e8b465ee728b)  -> (artifact id: '1d74ea53ea2ac9edccca223941654539') in 0.020927 seconds 
  Import took 0.023715 seconds .

========================================================================
Received Import Request.
  Time since last request: 0.000165 seconds.
  path: Assets/unnamed.png
  artifactKey: Guid(e9cdd22c1f9336d43988b0f6faa075db) Importer(815301076,1909f56bfc062723c751e8b465ee728b)
Start importing Assets/unnamed.png using Guid(e9cdd22c1f9336d43988b0f6faa075db) Importer(815301076,1909f56bfc062723c751e8b465ee728b)  -> (artifact id: 'a13d4b5bb8d338c299e3e22da69ce59d') in 0.008523 seconds 
  Import took 0.011366 seconds .

========================================================================
Received Import Request.
  Time since last request: 0.000117 seconds.
  path: Assets/png-transparent-grey-rock-formation-rocks-ink-landscape-stone.png
  artifactKey: Guid(7e44a052b6e3938439367f345d22f624) Importer(815301076,1909f56bfc062723c751e8b465ee728b)
Start importing Assets/png-transparent-grey-rock-formation-rocks-ink-landscape-stone.png using Guid(7e44a052b6e3938439367f345d22f624) Importer(815301076,1909f56bfc062723c751e8b465ee728b)  -> (artifact id: '56bb9cfbf927e78ebf3d005fe7bcde9e') in 0.008163 seconds 
  Import took 0.011105 seconds .

========================================================================
Received Import Request.
  Time since last request: 0.000208 seconds.
  path: Assets/output-onlinepngtools (2).png
  artifactKey: Guid(c0b5bbdac9614fb459caecf739e6a960) Importer(815301076,1909f56bfc062723c751e8b465ee728b)
Start importing Assets/output-onlinepngtools (2).png using Guid(c0b5bbdac9614fb459caecf739e6a960) Importer(815301076,1909f56bfc062723c751e8b465ee728b)  -> (artifact id: '807d77f9980147a966451b5fd7ee1c93') in 0.007902 seconds 
  Import took 0.010923 seconds .

========================================================================
Received Import Request.
  Time since last request: 0.000125 seconds.
  path: Assets/unnamed 1.png
  artifactKey: Guid(ef34c12443acab8458eb64998579c32d) Importer(815301076,1909f56bfc062723c751e8b465ee728b)
Start importing Assets/unnamed 1.png using Guid(ef34c12443acab8458eb64998579c32d) Importer(815301076,1909f56bfc062723c751e8b465ee728b)  -> (artifact id: '3eda64d04f00a6b8b974c1518bfd1f00') in 0.007815 seconds 
  Import took 0.010737 seconds .

========================================================================
Received Import Request.
  Time since last request: 0.000140 seconds.
  path: Assets/sxbasso.png
  artifactKey: Guid(216bbb037a2a8ac4ca3a34b453d51efb) Importer(815301076,1909f56bfc062723c751e8b465ee728b)
Start importing Assets/sxbasso.png using Guid(216bbb037a2a8ac4ca3a34b453d51efb) Importer(815301076,1909f56bfc062723c751e8b465ee728b)  -> (artifact id: '84c73394efd8566eed062c926df12887') in 0.010796 seconds 
  Import took 0.013815 seconds .

========================================================================
Received Import Request.
  Time since last request: 0.000161 seconds.
  path: Assets/transparent-jumping-jack-jumping-cartoon-jump-rope-drawing-clipart-jumping-jacks5e94587c694323.2801284315867802844312.png
  artifactKey: Guid(a3db093e0c1abb448995508b668bfc9d) Importer(815301076,1909f56bfc062723c751e8b465ee728b)
Start importing Assets/transparent-jumping-jack-jumping-cartoon-jump-rope-drawing-clipart-jumping-jacks5e94587c694323.2801284315867802844312.png using Guid(a3db093e0c1abb448995508b668bfc9d) Importer(815301076,1909f56bfc062723c751e8b465ee728b)  -> (artifact id: 'de14311a9acbeb95124862bae05de563') in 0.008979 seconds 
  Import took 0.011872 seconds .

========================================================================
Received Import Request.
  Time since last request: 0.000133 seconds.
  path: Assets/sxalto.png
  artifactKey: Guid(e5b06c433fbe80f42822c52813751d28) Importer(815301076,1909f56bfc062723c751e8b465ee728b)
Start importing Assets/sxalto.png using Guid(e5b06c433fbe80f42822c52813751d28) Importer(815301076,1909f56bfc062723c751e8b465ee728b)  -> (artifact id: 'a76a743bc8312e8155893a0b0f5a72de') in 0.010650 seconds 
  Import took 0.013629 seconds .

========================================================================
Received Import Request.
  Time since last request: 137.712173 seconds.
  path: Assets/ScrollingMovement.cs
  artifactKey: Guid(07d559b7c99744186b750a0dd7b4de94) Importer(815301076,1909f56bfc062723c751e8b465ee728b)
Start importing Assets/ScrollingMovement.cs using Guid(07d559b7c99744186b750a0dd7b4de94) Importer(815301076,1909f56bfc062723c751e8b465ee728b)  -> (artifact id: 'fb1bc77f9f70ae106366fd5cb21a84cf') in 0.003334 seconds 
  Import took 0.006802 seconds .

========================================================================
Received Prepare
Registering precompiled user dll's ...
Registered in 0.003211 seconds.
Begin MonoManager ReloadAssembly
Native extension for WindowsStandalone target not found
Refreshing native plugins compatible for Editor in 0.39 ms, found 3 plugins.
Preloading 0 native plugins for Editor in 0.00 ms.
Mono: successfully reloaded assembly
- Completed reload, in  0.709 seconds
Domain Reload Profiling:
	ReloadAssembly (710ms)
		BeginReloadAssembly (85ms)
			ExecutionOrderSort (0ms)
			DisableScriptedObjects (4ms)
			BackupInstance (0ms)
			ReleaseScriptingObjects (0ms)
			CreateAndSetChildDomain (28ms)
		EndReloadAssembly (579ms)
			LoadAssemblies (63ms)
			RebuildTransferFunctionScriptingTraits (0ms)
			SetupTypeCache (212ms)
			ReleaseScriptCaches (1ms)
			RebuildScriptCaches (29ms)
			SetupLoadedEditorAssemblies (206ms)
				LogAssemblyErrors (0ms)
				InitializePlatformSupportModulesInManaged (3ms)
				SetLoadedEditorAssemblies (0ms)
				RefreshPlugins (0ms)
				BeforeProcessingInitializeOnLoad (61ms)
				ProcessInitializeOnLoadAttributes (129ms)
				ProcessInitializeOnLoadMethodAttributes (8ms)
				AfterProcessingInitializeOnLoad (4ms)
				EditorAssembliesLoaded (0ms)
			ExecutionOrderSort2 (0ms)
			AwakeInstancesAfterBackupRestoration (6ms)
Platform modules already initialized, skipping
Refreshing native plugins compatible for Editor in 0.40 ms, found 3 plugins.
Preloading 0 native plugins for Editor in 0.00 ms.
Unloading 2177 Unused Serialized files (Serialized files now loaded: 0)
System memory in use before: 118.3 MB.
System memory in use after: 118.4 MB.

Unloading 17 unused Assets to reduce memory usage. Loaded Objects now: 2673.
Total: 2.411600 ms (FindLiveObjects: 0.119000 ms CreateObjectMapping: 0.034800 ms MarkObjects: 2.242900 ms  DeleteObjects: 0.014200 ms)

AssetImportParameters requested are different than current active one (requested -> active):
  custom:framework-win-MediaFoundation: 216162199b28c13a410421893ffa2e32 -> 
  custom:video-decoder-ogg-theora: a1e56fd34408186e4bbccfd4996cb3dc -> 
  custom:container-muxer-webm: aa71ff27fc2769a1b78a27578f13a17b -> 
  custom:container-demuxer-webm: 4f35f7cbe854078d1ac9338744f61a02 -> 
  custom:container-demuxer-ogg: 62fdf1f143b41e24485cea50d1cbac27 -> 
  custom:video-encoder-webm-vp8: eb34c28f22e8b96e1ab97ce403110664 -> 
  custom:video-codec-MediaFoundation-h265: 746d11721c4dcdbdad8f713fa42b33f4 -> 
  custom:video-decoder-webm-vp8: 9c59270c3fd7afecdb556c50c9e8de78 -> 
  custom:audio-decoder-ogg-vorbis: bf7c407c2cedff20999df2af8eb42d56 -> 
  custom:audio-encoder-webm-vorbis: bf7c407c2cedff20999df2af8eb42d56 -> 
========================================================================
Received Import Request.
  Time since last request: 381.623526 seconds.
  path: Assets/Assets/1581706.png
  artifactKey: Guid(f7d0e8ae4dee11b459df53e70cdcf3f3) Importer(815301076,1909f56bfc062723c751e8b465ee728b)
Start importing Assets/Assets/1581706.png using Guid(f7d0e8ae4dee11b459df53e70cdcf3f3) Importer(815301076,1909f56bfc062723c751e8b465ee728b)  -> (artifact id: 'b74a826c7d2a2ade7484772477fc5649') in 0.039275 seconds 
  Import took 0.042407 seconds .

========================================================================
Received Import Request.
  Time since last request: 0.000226 seconds.
  path: Assets/Assets/frame0001.png
  artifactKey: Guid(4c30d50c6b1a25d46a6b48f11c3d6c54) Importer(815301076,1909f56bfc062723c751e8b465ee728b)
Start importing Assets/Assets/frame0001.png using Guid(4c30d50c6b1a25d46a6b48f11c3d6c54) Importer(815301076,1909f56bfc062723c751e8b465ee728b)  -> (artifact id: 'afba2e9d2c15ff3104921d8d8f829923') in 0.011610 seconds 
  Import took 0.014436 seconds .

========================================================================
Received Import Request.
  Time since last request: 0.000223 seconds.
  path: Assets/Assets/output-onlinepngtools (2).png
  artifactKey: Guid(4e9a824168dbd3b4a85e6bb63ffb50dc) Importer(815301076,1909f56bfc062723c751e8b465ee728b)
Start importing Assets/Assets/output-onlinepngtools (2).png using Guid(4e9a824168dbd3b4a85e6bb63ffb50dc) Importer(815301076,1909f56bfc062723c751e8b465ee728b)  -> (artifact id: 'cef7eb15ab8ff7933ce9a23de3ad117f') in 0.009638 seconds 
  Import took 0.012280 seconds .

========================================================================
Received Import Request.
  Time since last request: 0.000179 seconds.
  path: Assets/Assets/Button 1.png
  artifactKey: Guid(4b0810ad80d734c44ba2cd3571e5c95c) Importer(815301076,1909f56bfc062723c751e8b465ee728b)
Start importing Assets/Assets/Button 1.png using Guid(4b0810ad80d734c44ba2cd3571e5c95c) Importer(815301076,1909f56bfc062723c751e8b465ee728b)  -> (artifact id: '1d4642dc12d4410d1b43a31fc8828b77') in 0.011564 seconds 
  Import took 0.014615 seconds .

========================================================================
Received Import Request.
  Time since last request: 0.000157 seconds.
  path: Assets/Assets/frame0000.png
  artifactKey: Guid(a79ecdbe92b4d5845960c3e7ee95a332) Importer(815301076,1909f56bfc062723c751e8b465ee728b)
Start importing Assets/Assets/frame0000.png using Guid(a79ecdbe92b4d5845960c3e7ee95a332) Importer(815301076,1909f56bfc062723c751e8b465ee728b)  -> (artifact id: 'eaaf81a3da462e6eb3d8e3c783a79c86') in 0.007316 seconds 
  Import took 0.010266 seconds .

========================================================================
Received Import Request.
  Time since last request: 4.820252 seconds.
  path: Assets/ObjectBackground
  artifactKey: Guid(ce304c5701b488c41a06fd8f633f6e20) Importer(815301076,1909f56bfc062723c751e8b465ee728b)
Start importing Assets/ObjectBackground using Guid(ce304c5701b488c41a06fd8f633f6e20) Importer(815301076,1909f56bfc062723c751e8b465ee728b)  -> (artifact id: '252bd5d508c05910310c818faab45a68') in 0.001797 seconds 
  Import took 0.004811 seconds .

========================================================================
Received Import Request.
  Time since last request: 0.069432 seconds.
  path: Assets/ObjectBackground/78590.png
  artifactKey: Guid(2204ee5c17988f14eae29061ca57eca0) Importer(815301076,1909f56bfc062723c751e8b465ee728b)
Start importing Assets/ObjectBackground/78590.png using Guid(2204ee5c17988f14eae29061ca57eca0) Importer(815301076,1909f56bfc062723c751e8b465ee728b)  -> (artifact id: 'aa304131edef060f6bf33824cfd009c4') in 0.008861 seconds 
  Import took 0.011649 seconds .

========================================================================
Received Import Request.
  Time since last request: 0.000161 seconds.
  path: Assets/ObjectBackground/3187736.png
  artifactKey: Guid(46306346b4f3ed84a8904f438b514f79) Importer(815301076,1909f56bfc062723c751e8b465ee728b)
Start importing Assets/ObjectBackground/3187736.png using Guid(46306346b4f3ed84a8904f438b514f79) Importer(815301076,1909f56bfc062723c751e8b465ee728b)  -> (artifact id: '2528ea271284b550565e543bbe1e4dc0') in 0.008164 seconds 
  Import took 0.010926 seconds .

========================================================================
Received Import Request.
  Time since last request: 0.000163 seconds.
  path: Assets/ObjectBackground/1356479.png
  artifactKey: Guid(8202c7ca6d6f1df4fa78871ede954e29) Importer(815301076,1909f56bfc062723c751e8b465ee728b)
Start importing Assets/ObjectBackground/1356479.png using Guid(8202c7ca6d6f1df4fa78871ede954e29) Importer(815301076,1909f56bfc062723c751e8b465ee728b)  -> (artifact id: 'e0ffc712f68e0dc2a54a91bcba65616c') in 0.011404 seconds 
  Import took 0.014202 seconds .

========================================================================
Received Import Request.
  Time since last request: 0.000144 seconds.
  path: Assets/ObjectBackground/426833.png
  artifactKey: Guid(80ac7b11457846e4ea082400c9aa2330) Importer(815301076,1909f56bfc062723c751e8b465ee728b)
Start importing Assets/ObjectBackground/426833.png using Guid(80ac7b11457846e4ea082400c9aa2330) Importer(815301076,1909f56bfc062723c751e8b465ee728b)  -> (artifact id: '800580e6caa3a1ab0e8d7454091a8dd9') in 0.008677 seconds 
  Import took 0.011374 seconds .

========================================================================
Received Import Request.
  Time since last request: 0.000138 seconds.
  path: Assets/ObjectBackground/1373322.png
  artifactKey: Guid(992668c6b9418d0458c9a27be0e55a08) Importer(815301076,1909f56bfc062723c751e8b465ee728b)
Start importing Assets/ObjectBackground/1373322.png using Guid(992668c6b9418d0458c9a27be0e55a08) Importer(815301076,1909f56bfc062723c751e8b465ee728b)  -> (artifact id: 'a2787f7a29c2b3fd69da54af66fa5725') in 0.012098 seconds 
  Import took 0.015058 seconds .

========================================================================
Received Import Request.
  Time since last request: 0.000190 seconds.
  path: Assets/ObjectBackground/858398.png
  artifactKey: Guid(15ccd5c34659b5b4db61aa5eb34c724f) Importer(815301076,1909f56bfc062723c751e8b465ee728b)
Start importing Assets/ObjectBackground/858398.png using Guid(15ccd5c34659b5b4db61aa5eb34c724f) Importer(815301076,1909f56bfc062723c751e8b465ee728b)  -> (artifact id: '669945a9b3a6a0e2172e0db453871a6c') in 0.009916 seconds 
  Import took 0.012783 seconds .

========================================================================
Received Import Request.
  Time since last request: 0.000152 seconds.
  path: Assets/ObjectBackground/2281210.png
  artifactKey: Guid(752b9100db8e79046b063f6c67e4dcad) Importer(815301076,1909f56bfc062723c751e8b465ee728b)
Start importing Assets/ObjectBackground/2281210.png using Guid(752b9100db8e79046b063f6c67e4dcad) Importer(815301076,1909f56bfc062723c751e8b465ee728b)  -> (artifact id: 'a297e1eac458728122e6d364fc17c017') in 0.012163 seconds 
  Import took 0.015167 seconds .

========================================================================
Received Import Request.
  Time since last request: 0.000186 seconds.
  path: Assets/ObjectBackground/875011.png
  artifactKey: Guid(fa9384c01dca62c45a8d614aec4c2375) Importer(815301076,1909f56bfc062723c751e8b465ee728b)
Start importing Assets/ObjectBackground/875011.png using Guid(fa9384c01dca62c45a8d614aec4c2375) Importer(815301076,1909f56bfc062723c751e8b465ee728b)  -> (artifact id: 'e42a7f277c316fd7e6a3e401cec7314a') in 0.010147 seconds 
  Import took 0.013062 seconds .

========================================================================
Received Import Request.
  Time since last request: 0.000139 seconds.
  path: Assets/ObjectBackground/1373324.png
  artifactKey: Guid(9fa8e3b6c5b85424d921368d19074584) Importer(815301076,1909f56bfc062723c751e8b465ee728b)
Start importing Assets/ObjectBackground/1373324.png using Guid(9fa8e3b6c5b85424d921368d19074584) Importer(815301076,1909f56bfc062723c751e8b465ee728b)  -> (artifact id: '6b7ca90f85714611220143c33fdfc2ec') in 0.011752 seconds 
  Import took 0.014765 seconds .

========================================================================
Received Import Request.
  Time since last request: 0.000154 seconds.
  path: Assets/ObjectBackground/656772.png
  artifactKey: Guid(eff009a7f6123144bbda15da38bfe4c5) Importer(815301076,1909f56bfc062723c751e8b465ee728b)
Start importing Assets/ObjectBackground/656772.png using Guid(eff009a7f6123144bbda15da38bfe4c5) Importer(815301076,1909f56bfc062723c751e8b465ee728b)  -> (artifact id: '2e8755e190f893416fadc851e4b5b5f5') in 0.010071 seconds 
  Import took 0.012989 seconds .

========================================================================
Received Import Request.
  Time since last request: 0.000194 seconds.
  path: Assets/ObjectBackground/1137795.png
  artifactKey: Guid(859bd3e161d8a084a941832ce66fb8c1) Importer(815301076,1909f56bfc062723c751e8b465ee728b)
Start importing Assets/ObjectBackground/1137795.png using Guid(859bd3e161d8a084a941832ce66fb8c1) Importer(815301076,1909f56bfc062723c751e8b465ee728b)  -> (artifact id: 'ad28a260f49a236070b39eb327612c89') in 0.010389 seconds 
  Import took 0.013367 seconds .

========================================================================
Received Import Request.
  Time since last request: 0.000160 seconds.
  path: Assets/ObjectBackground/3788175.png
  artifactKey: Guid(7295313d190ea0742bec7e6992130b92) Importer(815301076,1909f56bfc062723c751e8b465ee728b)
Start importing Assets/ObjectBackground/3788175.png using Guid(7295313d190ea0742bec7e6992130b92) Importer(815301076,1909f56bfc062723c751e8b465ee728b)  -> (artifact id: '234cd73ff787d45199d3e7b9e627c22c') in 0.009891 seconds 
  Import took 0.012714 seconds .

========================================================================
Received Import Request.
  Time since last request: 0.000204 seconds.
  path: Assets/ObjectBackground/3594291.png
  artifactKey: Guid(df1cde5e912129a4b9dd2c8ee1d08754) Importer(815301076,1909f56bfc062723c751e8b465ee728b)
Start importing Assets/ObjectBackground/3594291.png using Guid(df1cde5e912129a4b9dd2c8ee1d08754) Importer(815301076,1909f56bfc062723c751e8b465ee728b)  -> (artifact id: '367d852c9d20f291463b26563f9898e8') in 0.011718 seconds 
  Import took 0.014674 seconds .

========================================================================
Received Import Request.
  Time since last request: 0.000155 seconds.
  path: Assets/ObjectBackground/Fire_Spreadsheet.png
  artifactKey: Guid(b331c084889526b4cbe521181f40aa85) Importer(815301076,1909f56bfc062723c751e8b465ee728b)
Start importing Assets/ObjectBackground/Fire_Spreadsheet.png using Guid(b331c084889526b4cbe521181f40aa85) Importer(815301076,1909f56bfc062723c751e8b465ee728b)  -> (artifact id: 'dcae32636e471d857c882dfeb162dbb3') in 0.023019 seconds 
  Import took 0.025788 seconds .

========================================================================
Received Import Request.
  Time since last request: 0.000188 seconds.
  path: Assets/ObjectBackground/4765677.png
  artifactKey: Guid(8c4c6d2def8d42c47b910618dea82d89) Importer(815301076,1909f56bfc062723c751e8b465ee728b)
Start importing Assets/ObjectBackground/4765677.png using Guid(8c4c6d2def8d42c47b910618dea82d89) Importer(815301076,1909f56bfc062723c751e8b465ee728b)  -> (artifact id: '30bc4b14e4cd8285d3a463163a0b85cb') in 0.008349 seconds 
  Import took 0.011168 seconds .

========================================================================
Received Import Request.
  Time since last request: 0.000136 seconds.
  path: Assets/ObjectBackground/2982077.png
  artifactKey: Guid(fc4d82a86f17b604a950ece81ec8e6ea) Importer(815301076,1909f56bfc062723c751e8b465ee728b)
Start importing Assets/ObjectBackground/2982077.png using Guid(fc4d82a86f17b604a950ece81ec8e6ea) Importer(815301076,1909f56bfc062723c751e8b465ee728b)  -> (artifact id: 'f407017b956313bc33c3ecc951cf331e') in 0.009535 seconds 
  Import took 0.012545 seconds .

========================================================================
Received Import Request.
  Time since last request: 0.000150 seconds.
  path: Assets/ObjectBackground/2541212.png
  artifactKey: Guid(421e1c083a1f41045b15bf432b57276d) Importer(815301076,1909f56bfc062723c751e8b465ee728b)
Start importing Assets/ObjectBackground/2541212.png using Guid(421e1c083a1f41045b15bf432b57276d) Importer(815301076,1909f56bfc062723c751e8b465ee728b)  -> (artifact id: '6211321489495cf8cd9d53d6675c6850') in 0.007696 seconds 
  Import took 0.010508 seconds .

========================================================================
Received Import Request.
  Time since last request: 0.000148 seconds.
  path: Assets/ObjectBackground/774655.png
  artifactKey: Guid(74a9f3b0e2d3ef541b17def29df5ecc8) Importer(815301076,1909f56bfc062723c751e8b465ee728b)
Start importing Assets/ObjectBackground/774655.png using Guid(74a9f3b0e2d3ef541b17def29df5ecc8) Importer(815301076,1909f56bfc062723c751e8b465ee728b)  -> (artifact id: '14937cdb3cb67fcb61a66046abef707d') in 0.007510 seconds 
  Import took 0.010313 seconds .

========================================================================
Received Import Request.
  Time since last request: 0.000146 seconds.
  path: Assets/ObjectBackground/874968.png
  artifactKey: Guid(48c22f2bb61ec8a4e9e5a6c1d370f3dc) Importer(815301076,1909f56bfc062723c751e8b465ee728b)
Start importing Assets/ObjectBackground/874968.png using Guid(48c22f2bb61ec8a4e9e5a6c1d370f3dc) Importer(815301076,1909f56bfc062723c751e8b465ee728b)  -> (artifact id: 'bde45a353b178d7bd54705f5ee1248a3') in 0.007835 seconds 
  Import took 0.010803 seconds .

========================================================================
Received Import Request.
  Time since last request: 0.000175 seconds.
  path: Assets/ObjectBackground/4631169.png
  artifactKey: Guid(b5db1cdb55abb1f4d8e1b1bcc86c746c) Importer(815301076,1909f56bfc062723c751e8b465ee728b)
Start importing Assets/ObjectBackground/4631169.png using Guid(b5db1cdb55abb1f4d8e1b1bcc86c746c) Importer(815301076,1909f56bfc062723c751e8b465ee728b)  -> (artifact id: 'cff83a0b259c1fae985b3e0a993e57d2') in 0.007509 seconds 
  Import took 0.010384 seconds .

========================================================================
Received Import Request.
  Time since last request: 0.000177 seconds.
  path: Assets/ObjectBackground/2970068.png
  artifactKey: Guid(2ab20e3fdb0b73545a19ed0d3f1a657c) Importer(815301076,1909f56bfc062723c751e8b465ee728b)
Start importing Assets/ObjectBackground/2970068.png using Guid(2ab20e3fdb0b73545a19ed0d3f1a657c) Importer(815301076,1909f56bfc062723c751e8b465ee728b)  -> (artifact id: 'c835d3922d6a7ebb851ec694f8878201') in 0.008142 seconds 
  Import took 0.011083 seconds .

========================================================================
Received Import Request.
  Time since last request: 0.000148 seconds.
  path: Assets/ObjectBackground/2026502.png
  artifactKey: Guid(0c8e327b1643c8e41bbb0d3d762e3b8c) Importer(815301076,1909f56bfc062723c751e8b465ee728b)
Start importing Assets/ObjectBackground/2026502.png using Guid(0c8e327b1643c8e41bbb0d3d762e3b8c) Importer(815301076,1909f56bfc062723c751e8b465ee728b)  -> (artifact id: 'cc2502dc7ac4c30321bcfc0333f456d4') in 0.007658 seconds 
  Import took 0.010629 seconds .

========================================================================
Received Import Request.
  Time since last request: 0.000148 seconds.
  path: Assets/ObjectBackground/2675848.png
  artifactKey: Guid(d9bb669efa4dc684b8ea8db879f91f9d) Importer(815301076,1909f56bfc062723c751e8b465ee728b)
Start importing Assets/ObjectBackground/2675848.png using Guid(d9bb669efa4dc684b8ea8db879f91f9d) Importer(815301076,1909f56bfc062723c751e8b465ee728b)  -> (artifact id: 'f315f6b9bed13cb32b219410ef1eccc3') in 0.007457 seconds 
  Import took 0.010410 seconds .

========================================================================
Received Import Request.
  Time since last request: 0.000146 seconds.
  path: Assets/ObjectBackground/2919218.png
  artifactKey: Guid(71333c5160b45944590f9afa28ff8c13) Importer(815301076,1909f56bfc062723c751e8b465ee728b)
Start importing Assets/ObjectBackground/2919218.png using Guid(71333c5160b45944590f9afa28ff8c13) Importer(815301076,1909f56bfc062723c751e8b465ee728b)  -> (artifact id: 'fe5e6066f06d4138ac494038a3e501cd') in 0.007886 seconds 
  Import took 0.010722 seconds .

========================================================================
Received Import Request.
  Time since last request: 0.000207 seconds.
  path: Assets/ObjectBackground/3025260 (1).png
  artifactKey: Guid(6073c2725d9b4e64dabba0a95fb7cc24) Importer(815301076,1909f56bfc062723c751e8b465ee728b)
Start importing Assets/ObjectBackground/3025260 (1).png using Guid(6073c2725d9b4e64dabba0a95fb7cc24) Importer(815301076,1909f56bfc062723c751e8b465ee728b)  -> (artifact id: '9d2c3806e4eebf807452d3e956b59dc9') in 0.007363 seconds 
  Import took 0.010353 seconds .

========================================================================
Received Import Request.
  Time since last request: 0.000135 seconds.
  path: Assets/ObjectBackground/5969353.png
  artifactKey: Guid(b717bde68e2e3b5408442bd7165a962f) Importer(815301076,1909f56bfc062723c751e8b465ee728b)
Start importing Assets/ObjectBackground/5969353.png using Guid(b717bde68e2e3b5408442bd7165a962f) Importer(815301076,1909f56bfc062723c751e8b465ee728b)  -> (artifact id: 'd2055dd1775685a3520972cfcbd69fb2') in 0.007672 seconds 
  Import took 0.010579 seconds .

========================================================================
Received Import Request.
  Time since last request: 0.000129 seconds.
  path: Assets/ObjectBackground/4487477.png
  artifactKey: Guid(97475421ed44dff42ab270781d0a6cfe) Importer(815301076,1909f56bfc062723c751e8b465ee728b)
Start importing Assets/ObjectBackground/4487477.png using Guid(97475421ed44dff42ab270781d0a6cfe) Importer(815301076,1909f56bfc062723c751e8b465ee728b)  -> (artifact id: 'd93f44f3401adda48225147d3445f9a5') in 0.007738 seconds 
  Import took 0.010691 seconds .

========================================================================
Received Import Request.
  Time since last request: 0.000171 seconds.
  path: Assets/ObjectBackground/3456611.png
  artifactKey: Guid(3d5d547f254e2d9439542d50f0fd1250) Importer(815301076,1909f56bfc062723c751e8b465ee728b)
Start importing Assets/ObjectBackground/3456611.png using Guid(3d5d547f254e2d9439542d50f0fd1250) Importer(815301076,1909f56bfc062723c751e8b465ee728b)  -> (artifact id: 'e8e41affb0e99e59ddc7ba57d244b61a') in 0.008552 seconds 
  Import took 0.011702 seconds .

========================================================================
Received Import Request.
  Time since last request: 0.000154 seconds.
  path: Assets/ObjectBackground/560880.png
  artifactKey: Guid(03e699f4e2a1abf4188dd8abb8a5fb5c) Importer(815301076,1909f56bfc062723c751e8b465ee728b)
Start importing Assets/ObjectBackground/560880.png using Guid(03e699f4e2a1abf4188dd8abb8a5fb5c) Importer(815301076,1909f56bfc062723c751e8b465ee728b)  -> (artifact id: 'e611f2a3974870a340ecbf5cab9d6bb6') in 0.007924 seconds 
  Import took 0.010888 seconds .

========================================================================
Received Import Request.
  Time since last request: 0.000171 seconds.
  path: Assets/ObjectBackground/895884.png
  artifactKey: Guid(626d648e965960d42949ffe027411b7f) Importer(815301076,1909f56bfc062723c751e8b465ee728b)
Start importing Assets/ObjectBackground/895884.png using Guid(626d648e965960d42949ffe027411b7f) Importer(815301076,1909f56bfc062723c751e8b465ee728b)  -> (artifact id: '972e72e0095ae42b4c644cc949ce6ece') in 0.007932 seconds 
  Import took 0.010969 seconds .

========================================================================
Received Import Request.
  Time since last request: 0.000214 seconds.
  path: Assets/ObjectBackground/4235420.png
  artifactKey: Guid(5b2e81ea1ddd5d6428ba3e6009e9394b) Importer(815301076,1909f56bfc062723c751e8b465ee728b)
Start importing Assets/ObjectBackground/4235420.png using Guid(5b2e81ea1ddd5d6428ba3e6009e9394b) Importer(815301076,1909f56bfc062723c751e8b465ee728b)  -> (artifact id: '14cfa20dac4535a42ba2112848b9c45c') in 0.007721 seconds 
  Import took 0.010713 seconds .

========================================================================
Received Import Request.
  Time since last request: 0.000199 seconds.
  path: Assets/ObjectBackground/2652736.png
  artifactKey: Guid(a3db819f867345f408e080c07a440f53) Importer(815301076,1909f56bfc062723c751e8b465ee728b)
Start importing Assets/ObjectBackground/2652736.png using Guid(a3db819f867345f408e080c07a440f53) Importer(815301076,1909f56bfc062723c751e8b465ee728b)  -> (artifact id: '6f97075fddf4799daf3f7a7256a46bef') in 0.007811 seconds 
  Import took 0.010800 seconds .

========================================================================
Received Import Request.
  Time since last request: 0.000147 seconds.
  path: Assets/ObjectBackground/616493.png
  artifactKey: Guid(473fba1e1616f394b9ebd972a917ad23) Importer(815301076,1909f56bfc062723c751e8b465ee728b)
Start importing Assets/ObjectBackground/616493.png using Guid(473fba1e1616f394b9ebd972a917ad23) Importer(815301076,1909f56bfc062723c751e8b465ee728b)  -> (artifact id: '6de60966992c2447c73b62527dec40c3') in 0.007489 seconds 
  Import took 0.010646 seconds .

========================================================================
Received Import Request.
  Time since last request: 0.000157 seconds.
  path: Assets/ObjectBackground/3388092.png
  artifactKey: Guid(5c1f4bf57f84814448ace696f2f1352e) Importer(815301076,1909f56bfc062723c751e8b465ee728b)
Start importing Assets/ObjectBackground/3388092.png using Guid(5c1f4bf57f84814448ace696f2f1352e) Importer(815301076,1909f56bfc062723c751e8b465ee728b)  -> (artifact id: '03dba8fdf6108adf6036c2e8c436524b') in 0.007716 seconds 
  Import took 0.010856 seconds .

========================================================================
Received Prepare
Registering precompiled user dll's ...
Registered in 0.003503 seconds.
Begin MonoManager ReloadAssembly
Native extension for WindowsStandalone target not found
Refreshing native plugins compatible for Editor in 0.40 ms, found 3 plugins.
Preloading 0 native plugins for Editor in 0.00 ms.
Mono: successfully reloaded assembly
- Completed reload, in  0.709 seconds
Domain Reload Profiling:
	ReloadAssembly (710ms)
		BeginReloadAssembly (88ms)
			ExecutionOrderSort (0ms)
			DisableScriptedObjects (5ms)
			BackupInstance (0ms)
			ReleaseScriptingObjects (0ms)
			CreateAndSetChildDomain (28ms)
		EndReloadAssembly (579ms)
			LoadAssemblies (69ms)
			RebuildTransferFunctionScriptingTraits (0ms)
			SetupTypeCache (200ms)
			ReleaseScriptCaches (1ms)
			RebuildScriptCaches (28ms)
			SetupLoadedEditorAssemblies (214ms)
				LogAssemblyErrors (0ms)
				InitializePlatformSupportModulesInManaged (3ms)
				SetLoadedEditorAssemblies (0ms)
				RefreshPlugins (0ms)
				BeforeProcessingInitializeOnLoad (61ms)
				ProcessInitializeOnLoadAttributes (136ms)
				ProcessInitializeOnLoadMethodAttributes (9ms)
				AfterProcessingInitializeOnLoad (4ms)
				EditorAssembliesLoaded (0ms)
			ExecutionOrderSort2 (0ms)
			AwakeInstancesAfterBackupRestoration (6ms)
Platform modules already initialized, skipping
Refreshing native plugins compatible for Editor in 0.46 ms, found 3 plugins.
Preloading 0 native plugins for Editor in 0.00 ms.
Unloading 2177 Unused Serialized files (Serialized files now loaded: 0)
System memory in use before: 118.5 MB.
System memory in use after: 118.6 MB.

Unloading 17 unused Assets to reduce memory usage. Loaded Objects now: 2688.
Total: 2.403300 ms (FindLiveObjects: 0.120500 ms CreateObjectMapping: 0.036000 ms MarkObjects: 2.232100 ms  DeleteObjects: 0.013900 ms)

AssetImportParameters requested are different than current active one (requested -> active):
  custom:framework-win-MediaFoundation: 216162199b28c13a410421893ffa2e32 -> 
  custom:video-decoder-ogg-theora: a1e56fd34408186e4bbccfd4996cb3dc -> 
  custom:container-muxer-webm: aa71ff27fc2769a1b78a27578f13a17b -> 
  custom:container-demuxer-webm: 4f35f7cbe854078d1ac9338744f61a02 -> 
  custom:container-demuxer-ogg: 62fdf1f143b41e24485cea50d1cbac27 -> 
  custom:video-encoder-webm-vp8: eb34c28f22e8b96e1ab97ce403110664 -> 
  custom:video-codec-MediaFoundation-h265: 746d11721c4dcdbdad8f713fa42b33f4 -> 
  custom:video-decoder-webm-vp8: 9c59270c3fd7afecdb556c50c9e8de78 -> 
  custom:audio-decoder-ogg-vorbis: bf7c407c2cedff20999df2af8eb42d56 -> 
  custom:audio-encoder-webm-vorbis: bf7c407c2cedff20999df2af8eb42d56 -> 
========================================================================
Received Prepare
Registering precompiled user dll's ...
Registered in 0.002954 seconds.
Begin MonoManager ReloadAssembly
Native extension for WindowsStandalone target not found
Refreshing native plugins compatible for Editor in 0.40 ms, found 3 plugins.
Preloading 0 native plugins for Editor in 0.00 ms.
Mono: successfully reloaded assembly
- Completed reload, in  0.711 seconds
Domain Reload Profiling:
	ReloadAssembly (711ms)
		BeginReloadAssembly (88ms)
			ExecutionOrderSort (0ms)
			DisableScriptedObjects (4ms)
			BackupInstance (0ms)
			ReleaseScriptingObjects (0ms)
			CreateAndSetChildDomain (27ms)
		EndReloadAssembly (578ms)
			LoadAssemblies (63ms)
			RebuildTransferFunctionScriptingTraits (0ms)
			SetupTypeCache (211ms)
			ReleaseScriptCaches (1ms)
			RebuildScriptCaches (29ms)
			SetupLoadedEditorAssemblies (204ms)
				LogAssemblyErrors (0ms)
				InitializePlatformSupportModulesInManaged (3ms)
				SetLoadedEditorAssemblies (0ms)
				RefreshPlugins (0ms)
				BeforeProcessingInitializeOnLoad (59ms)
				ProcessInitializeOnLoadAttributes (129ms)
				ProcessInitializeOnLoadMethodAttributes (8ms)
				AfterProcessingInitializeOnLoad (4ms)
				EditorAssembliesLoaded (0ms)
			ExecutionOrderSort2 (0ms)
			AwakeInstancesAfterBackupRestoration (6ms)
Platform modules already initialized, skipping
Refreshing native plugins compatible for Editor in 0.40 ms, found 3 plugins.
Preloading 0 native plugins for Editor in 0.00 ms.
Unloading 2177 Unused Serialized files (Serialized files now loaded: 0)
System memory in use before: 118.5 MB.
System memory in use after: 118.6 MB.

Unloading 17 unused Assets to reduce memory usage. Loaded Objects now: 2690.
Total: 2.401300 ms (FindLiveObjects: 0.121700 ms CreateObjectMapping: 0.034200 ms MarkObjects: 2.229200 ms  DeleteObjects: 0.015300 ms)

AssetImportParameters requested are different than current active one (requested -> active):
  custom:framework-win-MediaFoundation: 216162199b28c13a410421893ffa2e32 -> 
  custom:video-decoder-ogg-theora: a1e56fd34408186e4bbccfd4996cb3dc -> 
  custom:container-muxer-webm: aa71ff27fc2769a1b78a27578f13a17b -> 
  custom:container-demuxer-webm: 4f35f7cbe854078d1ac9338744f61a02 -> 
  custom:container-demuxer-ogg: 62fdf1f143b41e24485cea50d1cbac27 -> 
  custom:video-encoder-webm-vp8: eb34c28f22e8b96e1ab97ce403110664 -> 
  custom:video-codec-MediaFoundation-h265: 746d11721c4dcdbdad8f713fa42b33f4 -> 
  custom:video-decoder-webm-vp8: 9c59270c3fd7afecdb556c50c9e8de78 -> 
  custom:audio-decoder-ogg-vorbis: bf7c407c2cedff20999df2af8eb42d56 -> 
  custom:audio-encoder-webm-vorbis: bf7c407c2cedff20999df2af8eb42d56 -> 
========================================================================
Received Prepare
Registering precompiled user dll's ...
Registered in 0.003226 seconds.
Begin MonoManager ReloadAssembly
Native extension for WindowsStandalone target not found
Refreshing native plugins compatible for Editor in 0.56 ms, found 3 plugins.
Preloading 0 native plugins for Editor in 0.00 ms.
Mono: successfully reloaded assembly
- Completed reload, in  0.696 seconds
Domain Reload Profiling:
	ReloadAssembly (696ms)
		BeginReloadAssembly (92ms)
			ExecutionOrderSort (0ms)
			DisableScriptedObjects (4ms)
			BackupInstance (0ms)
			ReleaseScriptingObjects (0ms)
			CreateAndSetChildDomain (25ms)
		EndReloadAssembly (562ms)
			LoadAssemblies (59ms)
			RebuildTransferFunctionScriptingTraits (0ms)
			SetupTypeCache (195ms)
			ReleaseScriptCaches (1ms)
			RebuildScriptCaches (28ms)
			SetupLoadedEditorAssemblies (208ms)
				LogAssemblyErrors (0ms)
				InitializePlatformSupportModulesInManaged (3ms)
				SetLoadedEditorAssemblies (0ms)
				RefreshPlugins (1ms)
				BeforeProcessingInitializeOnLoad (62ms)
				ProcessInitializeOnLoadAttributes (129ms)
				ProcessInitializeOnLoadMethodAttributes (8ms)
				AfterProcessingInitializeOnLoad (5ms)
				EditorAssembliesLoaded (0ms)
			ExecutionOrderSort2 (0ms)
			AwakeInstancesAfterBackupRestoration (7ms)
Platform modules already initialized, skipping
Refreshing native plugins compatible for Editor in 0.40 ms, found 3 plugins.
Preloading 0 native plugins for Editor in 0.00 ms.
Unloading 2177 Unused Serialized files (Serialized files now loaded: 0)
System memory in use before: 118.5 MB.
System memory in use after: 118.6 MB.

Unloading 17 unused Assets to reduce memory usage. Loaded Objects now: 2692.
Total: 2.350100 ms (FindLiveObjects: 0.121100 ms CreateObjectMapping: 0.033800 ms MarkObjects: 2.179600 ms  DeleteObjects: 0.014600 ms)

AssetImportParameters requested are different than current active one (requested -> active):
  custom:framework-win-MediaFoundation: 216162199b28c13a410421893ffa2e32 -> 
  custom:video-decoder-ogg-theora: a1e56fd34408186e4bbccfd4996cb3dc -> 
  custom:container-muxer-webm: aa71ff27fc2769a1b78a27578f13a17b -> 
  custom:container-demuxer-webm: 4f35f7cbe854078d1ac9338744f61a02 -> 
  custom:container-demuxer-ogg: 62fdf1f143b41e24485cea50d1cbac27 -> 
  custom:video-encoder-webm-vp8: eb34c28f22e8b96e1ab97ce403110664 -> 
  custom:video-codec-MediaFoundation-h265: 746d11721c4dcdbdad8f713fa42b33f4 -> 
  custom:video-decoder-webm-vp8: 9c59270c3fd7afecdb556c50c9e8de78 -> 
  custom:audio-decoder-ogg-vorbis: bf7c407c2cedff20999df2af8eb42d56 -> 
  custom:audio-encoder-webm-vorbis: bf7c407c2cedff20999df2af8eb42d56 -> 
========================================================================
Received Prepare
Registering precompiled user dll's ...
Registered in 0.003244 seconds.
Begin MonoManager ReloadAssembly
Native extension for WindowsStandalone target not found
Refreshing native plugins compatible for Editor in 0.41 ms, found 3 plugins.
Preloading 0 native plugins for Editor in 0.00 ms.
Mono: successfully reloaded assembly
- Completed reload, in  0.705 seconds
Domain Reload Profiling:
	ReloadAssembly (706ms)
		BeginReloadAssembly (86ms)
			ExecutionOrderSort (0ms)
			DisableScriptedObjects (5ms)
			BackupInstance (0ms)
			ReleaseScriptingObjects (0ms)
			CreateAndSetChildDomain (28ms)
		EndReloadAssembly (576ms)
			LoadAssemblies (63ms)
			RebuildTransferFunctionScriptingTraits (0ms)
			SetupTypeCache (202ms)
			ReleaseScriptCaches (1ms)
			RebuildScriptCaches (29ms)
			SetupLoadedEditorAssemblies (209ms)
				LogAssemblyErrors (0ms)
				InitializePlatformSupportModulesInManaged (4ms)
				SetLoadedEditorAssemblies (0ms)
				RefreshPlugins (0ms)
				BeforeProcessingInitializeOnLoad (61ms)
				ProcessInitializeOnLoadAttributes (132ms)
				ProcessInitializeOnLoadMethodAttributes (8ms)
				AfterProcessingInitializeOnLoad (4ms)
				EditorAssembliesLoaded (0ms)
			ExecutionOrderSort2 (0ms)
			AwakeInstancesAfterBackupRestoration (6ms)
Platform modules already initialized, skipping
Refreshing native plugins compatible for Editor in 0.40 ms, found 3 plugins.
Preloading 0 native plugins for Editor in 0.00 ms.
Unloading 2177 Unused Serialized files (Serialized files now loaded: 0)
System memory in use before: 118.5 MB.
System memory in use after: 118.6 MB.

Unloading 17 unused Assets to reduce memory usage. Loaded Objects now: 2694.
Total: 2.375100 ms (FindLiveObjects: 0.122700 ms CreateObjectMapping: 0.034600 ms MarkObjects: 2.202700 ms  DeleteObjects: 0.014100 ms)

AssetImportParameters requested are different than current active one (requested -> active):
  custom:framework-win-MediaFoundation: 216162199b28c13a410421893ffa2e32 -> 
  custom:video-decoder-ogg-theora: a1e56fd34408186e4bbccfd4996cb3dc -> 
  custom:container-muxer-webm: aa71ff27fc2769a1b78a27578f13a17b -> 
  custom:container-demuxer-webm: 4f35f7cbe854078d1ac9338744f61a02 -> 
  custom:container-demuxer-ogg: 62fdf1f143b41e24485cea50d1cbac27 -> 
  custom:video-encoder-webm-vp8: eb34c28f22e8b96e1ab97ce403110664 -> 
  custom:video-codec-MediaFoundation-h265: 746d11721c4dcdbdad8f713fa42b33f4 -> 
  custom:video-decoder-webm-vp8: 9c59270c3fd7afecdb556c50c9e8de78 -> 
  custom:audio-decoder-ogg-vorbis: bf7c407c2cedff20999df2af8eb42d56 -> 
  custom:audio-encoder-webm-vorbis: bf7c407c2cedff20999df2af8eb42d56 -> 
========================================================================
Received Prepare
Registering precompiled user dll's ...
Registered in 0.004320 seconds.
Begin MonoManager ReloadAssembly
Native extension for WindowsStandalone target not found
Refreshing native plugins compatible for Editor in 0.74 ms, found 3 plugins.
Preloading 0 native plugins for Editor in 0.00 ms.
Mono: successfully reloaded assembly
- Completed reload, in  0.707 seconds
Domain Reload Profiling:
	ReloadAssembly (707ms)
		BeginReloadAssembly (91ms)
			ExecutionOrderSort (0ms)
			DisableScriptedObjects (4ms)
			BackupInstance (0ms)
			ReleaseScriptingObjects (0ms)
			CreateAndSetChildDomain (26ms)
		EndReloadAssembly (574ms)
			LoadAssemblies (61ms)
			RebuildTransferFunctionScriptingTraits (0ms)
			SetupTypeCache (195ms)
			ReleaseScriptCaches (1ms)
			RebuildScriptCaches (29ms)
			SetupLoadedEditorAssemblies (217ms)
				LogAssemblyErrors (0ms)
				InitializePlatformSupportModulesInManaged (3ms)
				SetLoadedEditorAssemblies (0ms)
				RefreshPlugins (1ms)
				BeforeProcessingInitializeOnLoad (60ms)
				ProcessInitializeOnLoadAttributes (138ms)
				ProcessInitializeOnLoadMethodAttributes (10ms)
				AfterProcessingInitializeOnLoad (5ms)
				EditorAssembliesLoaded (0ms)
			ExecutionOrderSort2 (0ms)
			AwakeInstancesAfterBackupRestoration (7ms)
Platform modules already initialized, skipping
Refreshing native plugins compatible for Editor in 0.42 ms, found 3 plugins.
Preloading 0 native plugins for Editor in 0.00 ms.
Unloading 2177 Unused Serialized files (Serialized files now loaded: 0)
System memory in use before: 118.5 MB.
System memory in use after: 118.6 MB.

Unloading 17 unused Assets to reduce memory usage. Loaded Objects now: 2696.
Total: 2.625000 ms (FindLiveObjects: 0.120700 ms CreateObjectMapping: 0.033700 ms MarkObjects: 2.444200 ms  DeleteObjects: 0.025500 ms)

AssetImportParameters requested are different than current active one (requested -> active):
  custom:framework-win-MediaFoundation: 216162199b28c13a410421893ffa2e32 -> 
  custom:video-decoder-ogg-theora: a1e56fd34408186e4bbccfd4996cb3dc -> 
  custom:container-muxer-webm: aa71ff27fc2769a1b78a27578f13a17b -> 
  custom:container-demuxer-webm: 4f35f7cbe854078d1ac9338744f61a02 -> 
  custom:container-demuxer-ogg: 62fdf1f143b41e24485cea50d1cbac27 -> 
  custom:video-encoder-webm-vp8: eb34c28f22e8b96e1ab97ce403110664 -> 
  custom:video-codec-MediaFoundation-h265: 746d11721c4dcdbdad8f713fa42b33f4 -> 
  custom:video-decoder-webm-vp8: 9c59270c3fd7afecdb556c50c9e8de78 -> 
  custom:audio-decoder-ogg-vorbis: bf7c407c2cedff20999df2af8eb42d56 -> 
  custom:audio-encoder-webm-vorbis: bf7c407c2cedff20999df2af8eb42d56 -> 
AssetImportWorkerClient::OnTransportError - code=2 error=End of file
